[0.210s] DEBUG:colcon:Command line arguments: ['/usr/bin/colcon', 'build', '--symlink-install']
[0.210s] DEBUG:colcon:Parsed command line arguments: Namespace(log_base=None, log_level=None, verb_name='build', build_base='build', install_base='install', merge_install=False, symlink_install=True, test_result_base=None, continue_on_error=False, executor='parallel', parallel_workers=8, event_handlers=None, ignore_user_meta=False, metas=['./colcon.meta'], base_paths=['.'], packages_ignore=None, packages_ignore_regex=None, paths=None, packages_up_to=None, packages_up_to_regex=None, packages_above=None, packages_above_and_dependencies=None, packages_above_depth=None, packages_select_by_dep=None, packages_skip_by_dep=None, packages_skip_up_to=None, packages_select_build_failed=False, packages_skip_build_finished=False, packages_select_test_failures=False, packages_skip_test_passed=False, packages_select=None, packages_skip=None, packages_select_regex=None, packages_skip_regex=None, packages_start=None, packages_end=None, allow_overriding=[], cmake_args=None, cmake_target=None, cmake_target_skip_unavailable=False, cmake_clean_cache=False, cmake_clean_first=False, cmake_force_configure=False, ament_cmake_args=None, catkin_cmake_args=None, catkin_skip_building_tests=False, mixin_files=None, mixin=None, verb_parser=<colcon_mixin.mixin.mixin_argument.MixinArgumentDecorator object at 0x7d0a795aa9c0>, verb_extension=<colcon_core.verb.build.BuildVerb object at 0x7d0a7a07f830>, main=<bound method BuildVerb.main of <colcon_core.verb.build.BuildVerb object at 0x7d0a7a07f830>>, mixin_verb=('build',))
[0.271s] Level 1:colcon.colcon_core.package_discovery:discover_packages(colcon_meta) check parameters
[0.271s] Level 1:colcon.colcon_core.package_discovery:discover_packages(recursive) check parameters
[0.271s] Level 1:colcon.colcon_core.package_discovery:discover_packages(ignore) check parameters
[0.271s] Level 1:colcon.colcon_core.package_discovery:discover_packages(path) check parameters
[0.271s] Level 1:colcon.colcon_core.package_discovery:discover_packages(colcon_meta) discover
[0.271s] Level 1:colcon.colcon_core.package_discovery:discover_packages(recursive) discover
[0.271s] INFO:colcon.colcon_core.package_discovery:Crawling recursively for packages in '/home/stathis/dev_ws/src/g_bot'
[0.271s] Level 1:colcon.colcon_core.package_identification:_identify(.) by extensions ['ignore', 'ignore_ament_install']
[0.271s] Level 1:colcon.colcon_core.package_identification:_identify(.) by extension 'ignore'
[0.271s] Level 1:colcon.colcon_core.package_identification:_identify(.) by extension 'ignore_ament_install'
[0.272s] Level 1:colcon.colcon_core.package_identification:_identify(.) by extensions ['colcon_pkg']
[0.272s] Level 1:colcon.colcon_core.package_identification:_identify(.) by extension 'colcon_pkg'
[0.272s] Level 1:colcon.colcon_core.package_identification:_identify(.) by extensions ['colcon_meta']
[0.272s] Level 1:colcon.colcon_core.package_identification:_identify(.) by extension 'colcon_meta'
[0.272s] Level 1:colcon.colcon_core.package_identification:_identify(.) by extensions ['ros']
[0.272s] Level 1:colcon.colcon_core.package_identification:_identify(.) by extension 'ros'
[0.316s] DEBUG:colcon.colcon_core.package_identification:Package '.' with type 'ros.ament_cmake' and name 'g_bot'
[0.316s] Level 1:colcon.colcon_core.package_discovery:discover_packages(recursive) using defaults
[0.316s] Level 1:colcon.colcon_core.package_discovery:discover_packages(ignore) discover
[0.316s] Level 1:colcon.colcon_core.package_discovery:discover_packages(ignore) using defaults
[0.316s] Level 1:colcon.colcon_core.package_discovery:discover_packages(path) discover
[0.316s] Level 1:colcon.colcon_core.package_discovery:discover_packages(path) using defaults
[0.345s] Level 1:colcon.colcon_core.package_discovery:discover_packages(prefix_path) check parameters
[0.345s] Level 1:colcon.colcon_core.package_discovery:discover_packages(prefix_path) discover
[0.348s] DEBUG:colcon.colcon_installed_package_information.package_discovery:Found 6 installed packages in /home/stathis/dev_ws/install
[0.351s] DEBUG:colcon.colcon_installed_package_information.package_discovery:Found 371 installed packages in /opt/ros/jazzy
[0.354s] Level 1:colcon.colcon_core.package_discovery:discover_packages(prefix_path) using defaults
[0.448s] Level 5:colcon.colcon_core.verb:set package 'g_bot' build argument 'cmake_args' from command line to 'None'
[0.448s] Level 5:colcon.colcon_core.verb:set package 'g_bot' build argument 'cmake_target' from command line to 'None'
[0.448s] Level 5:colcon.colcon_core.verb:set package 'g_bot' build argument 'cmake_target_skip_unavailable' from command line to 'False'
[0.448s] Level 5:colcon.colcon_core.verb:set package 'g_bot' build argument 'cmake_clean_cache' from command line to 'False'
[0.448s] Level 5:colcon.colcon_core.verb:set package 'g_bot' build argument 'cmake_clean_first' from command line to 'False'
[0.448s] Level 5:colcon.colcon_core.verb:set package 'g_bot' build argument 'cmake_force_configure' from command line to 'False'
[0.448s] Level 5:colcon.colcon_core.verb:set package 'g_bot' build argument 'ament_cmake_args' from command line to 'None'
[0.448s] Level 5:colcon.colcon_core.verb:set package 'g_bot' build argument 'catkin_cmake_args' from command line to 'None'
[0.448s] Level 5:colcon.colcon_core.verb:set package 'g_bot' build argument 'catkin_skip_building_tests' from command line to 'False'
[0.449s] DEBUG:colcon.colcon_core.verb:Building package 'g_bot' with the following arguments: {'ament_cmake_args': None, 'build_base': '/home/stathis/dev_ws/src/g_bot/build/g_bot', 'catkin_cmake_args': None, 'catkin_skip_building_tests': False, 'cmake_args': None, 'cmake_clean_cache': False, 'cmake_clean_first': False, 'cmake_force_configure': False, 'cmake_target': None, 'cmake_target_skip_unavailable': False, 'install_base': '/home/stathis/dev_ws/src/g_bot/install/g_bot', 'merge_install': False, 'path': '/home/stathis/dev_ws/src/g_bot', 'symlink_install': True, 'test_result_base': None}
[0.449s] INFO:colcon.colcon_core.executor:Executing jobs using 'parallel' executor
[0.450s] DEBUG:colcon.colcon_parallel_executor.executor.parallel:run_until_complete
[0.450s] INFO:colcon.colcon_ros.task.ament_cmake.build:Building ROS package in '/home/stathis/dev_ws/src/g_bot' with build type 'ament_cmake'
[0.450s] INFO:colcon.colcon_cmake.task.cmake.build:Building CMake package in '/home/stathis/dev_ws/src/g_bot'
[0.453s] INFO:colcon.colcon_core.plugin_system:Skipping extension 'colcon_core.shell.bat': Not used on non-Windows systems
[0.454s] INFO:colcon.colcon_core.shell:Skip shell extension 'powershell' for command environment: Not usable outside of PowerShell
[0.454s] DEBUG:colcon.colcon_core.shell:Skip shell extension 'dsv' for command environment
[0.470s] DEBUG:colcon.colcon_core.event_handler.log_command:Invoking command in '/home/stathis/dev_ws/src/g_bot/build/g_bot': CMAKE_PREFIX_PATH=${CMAKE_PREFIX_PATH}:/opt/ros/jazzy DEBUGINFOD_URLS=https://debuginfod.ubuntu.com /usr/bin/cmake /home/stathis/dev_ws/src/g_bot -DAMENT_CMAKE_SYMLINK_INSTALL=1 -DCMAKE_INSTALL_PREFIX=/home/stathis/dev_ws/src/g_bot/install/g_bot
[2.278s] DEBUG:colcon.colcon_core.event_handler.log_command:Invoked command in '/home/stathis/dev_ws/src/g_bot/build/g_bot' returned '0': CMAKE_PREFIX_PATH=${CMAKE_PREFIX_PATH}:/opt/ros/jazzy DEBUGINFOD_URLS=https://debuginfod.ubuntu.com /usr/bin/cmake /home/stathis/dev_ws/src/g_bot -DAMENT_CMAKE_SYMLINK_INSTALL=1 -DCMAKE_INSTALL_PREFIX=/home/stathis/dev_ws/src/g_bot/install/g_bot
[2.281s] DEBUG:colcon.colcon_core.event_handler.log_command:Invoking command in '/home/stathis/dev_ws/src/g_bot/build/g_bot': CMAKE_PREFIX_PATH=${CMAKE_PREFIX_PATH}:/opt/ros/jazzy DEBUGINFOD_URLS=https://debuginfod.ubuntu.com /usr/bin/cmake --build /home/stathis/dev_ws/src/g_bot/build/g_bot -- -j8 -l8
[2.371s] DEBUG:colcon.colcon_core.event_handler.log_command:Invoked command in '/home/stathis/dev_ws/src/g_bot/build/g_bot' returned '0': CMAKE_PREFIX_PATH=${CMAKE_PREFIX_PATH}:/opt/ros/jazzy DEBUGINFOD_URLS=https://debuginfod.ubuntu.com /usr/bin/cmake --build /home/stathis/dev_ws/src/g_bot/build/g_bot -- -j8 -l8
[2.390s] DEBUG:colcon.colcon_core.event_handler.log_command:Invoking command in '/home/stathis/dev_ws/src/g_bot/build/g_bot': CMAKE_PREFIX_PATH=${CMAKE_PREFIX_PATH}:/opt/ros/jazzy DEBUGINFOD_URLS=https://debuginfod.ubuntu.com /usr/bin/cmake --install /home/stathis/dev_ws/src/g_bot/build/g_bot
[2.909s] Level 1:colcon.colcon_core.environment:create_environment_scripts_only(g_bot)
[2.911s] DEBUG:colcon.colcon_core.event_handler.log_command:Invoked command in '/home/stathis/dev_ws/src/g_bot/build/g_bot' returned '0': CMAKE_PREFIX_PATH=${CMAKE_PREFIX_PATH}:/opt/ros/jazzy DEBUGINFOD_URLS=https://debuginfod.ubuntu.com /usr/bin/cmake --install /home/stathis/dev_ws/src/g_bot/build/g_bot
[2.914s] Level 1:colcon.colcon_core.environment:checking '/home/stathis/dev_ws/src/g_bot/install/g_bot' for CMake module files
[2.915s] Level 1:colcon.colcon_core.environment:checking '/home/stathis/dev_ws/src/g_bot/install/g_bot' for CMake config files
[2.915s] Level 1:colcon.colcon_core.shell:create_environment_hook('g_bot', 'cmake_prefix_path')
[2.915s] INFO:colcon.colcon_core.shell:Creating environment hook '/home/stathis/dev_ws/src/g_bot/install/g_bot/share/g_bot/hook/cmake_prefix_path.ps1'
[2.916s] INFO:colcon.colcon_core.shell:Creating environment descriptor '/home/stathis/dev_ws/src/g_bot/install/g_bot/share/g_bot/hook/cmake_prefix_path.dsv'
[2.916s] INFO:colcon.colcon_core.shell:Creating environment hook '/home/stathis/dev_ws/src/g_bot/install/g_bot/share/g_bot/hook/cmake_prefix_path.sh'
[2.917s] Level 1:colcon.colcon_core.environment:checking '/home/stathis/dev_ws/src/g_bot/install/g_bot/bin'
[2.918s] Level 1:colcon.colcon_core.environment:checking '/home/stathis/dev_ws/src/g_bot/install/g_bot/lib/pkgconfig/g_bot.pc'
[2.918s] Level 1:colcon.colcon_core.environment:checking '/home/stathis/dev_ws/src/g_bot/install/g_bot/lib/python3.12/site-packages'
[2.918s] Level 1:colcon.colcon_core.environment:checking '/home/stathis/dev_ws/src/g_bot/install/g_bot/bin'
[2.918s] INFO:colcon.colcon_core.shell:Creating package script '/home/stathis/dev_ws/src/g_bot/install/g_bot/share/g_bot/package.ps1'
[2.920s] INFO:colcon.colcon_core.shell:Creating package descriptor '/home/stathis/dev_ws/src/g_bot/install/g_bot/share/g_bot/package.dsv'
[2.922s] INFO:colcon.colcon_core.shell:Creating package script '/home/stathis/dev_ws/src/g_bot/install/g_bot/share/g_bot/package.sh'
[2.925s] INFO:colcon.colcon_core.shell:Creating package script '/home/stathis/dev_ws/src/g_bot/install/g_bot/share/g_bot/package.bash'
[2.927s] INFO:colcon.colcon_core.shell:Creating package script '/home/stathis/dev_ws/src/g_bot/install/g_bot/share/g_bot/package.zsh'
[2.929s] Level 1:colcon.colcon_core.environment:create_file_with_runtime_dependencies(/home/stathis/dev_ws/src/g_bot/install/g_bot/share/colcon-core/packages/g_bot)
[2.931s] Level 1:colcon.colcon_core.environment:create_environment_scripts_only(g_bot)
[2.931s] Level 1:colcon.colcon_core.environment:checking '/home/stathis/dev_ws/src/g_bot/install/g_bot' for CMake module files
[2.934s] Level 1:colcon.colcon_core.environment:checking '/home/stathis/dev_ws/src/g_bot/install/g_bot' for CMake config files
[2.935s] Level 1:colcon.colcon_core.shell:create_environment_hook('g_bot', 'cmake_prefix_path')
[2.936s] INFO:colcon.colcon_core.shell:Creating environment hook '/home/stathis/dev_ws/src/g_bot/install/g_bot/share/g_bot/hook/cmake_prefix_path.ps1'
[2.937s] INFO:colcon.colcon_core.shell:Creating environment descriptor '/home/stathis/dev_ws/src/g_bot/install/g_bot/share/g_bot/hook/cmake_prefix_path.dsv'
[2.938s] INFO:colcon.colcon_core.shell:Creating environment hook '/home/stathis/dev_ws/src/g_bot/install/g_bot/share/g_bot/hook/cmake_prefix_path.sh'
[2.940s] Level 1:colcon.colcon_core.environment:checking '/home/stathis/dev_ws/src/g_bot/install/g_bot/bin'
[2.940s] Level 1:colcon.colcon_core.environment:checking '/home/stathis/dev_ws/src/g_bot/install/g_bot/lib/pkgconfig/g_bot.pc'
[2.941s] Level 1:colcon.colcon_core.environment:checking '/home/stathis/dev_ws/src/g_bot/install/g_bot/lib/python3.12/site-packages'
[2.942s] Level 1:colcon.colcon_core.environment:checking '/home/stathis/dev_ws/src/g_bot/install/g_bot/bin'
[2.943s] INFO:colcon.colcon_core.shell:Creating package script '/home/stathis/dev_ws/src/g_bot/install/g_bot/share/g_bot/package.ps1'
[2.944s] INFO:colcon.colcon_core.shell:Creating package descriptor '/home/stathis/dev_ws/src/g_bot/install/g_bot/share/g_bot/package.dsv'
[2.946s] INFO:colcon.colcon_core.shell:Creating package script '/home/stathis/dev_ws/src/g_bot/install/g_bot/share/g_bot/package.sh'
[2.947s] INFO:colcon.colcon_core.shell:Creating package script '/home/stathis/dev_ws/src/g_bot/install/g_bot/share/g_bot/package.bash'
[2.949s] INFO:colcon.colcon_core.shell:Creating package script '/home/stathis/dev_ws/src/g_bot/install/g_bot/share/g_bot/package.zsh'
[2.950s] Level 1:colcon.colcon_core.environment:create_file_with_runtime_dependencies(/home/stathis/dev_ws/src/g_bot/install/g_bot/share/colcon-core/packages/g_bot)
[2.951s] DEBUG:colcon.colcon_parallel_executor.executor.parallel:closing loop
[2.952s] DEBUG:colcon.colcon_parallel_executor.executor.parallel:loop closed
[2.952s] DEBUG:colcon.colcon_parallel_executor.executor.parallel:run_until_complete finished with '0'
[2.953s] DEBUG:colcon.colcon_core.event_reactor:joining thread
[2.972s] INFO:colcon.colcon_core.plugin_system:Skipping extension 'colcon_notification.desktop_notification.terminal_notifier': Not used on non-Darwin systems
[2.973s] INFO:colcon.colcon_core.plugin_system:Skipping extension 'colcon_notification.desktop_notification.win32': Not used on non-Windows systems
[2.973s] INFO:colcon.colcon_notification.desktop_notification:Sending desktop notification using 'notify2'
[3.025s] DEBUG:colcon.colcon_core.event_reactor:joined thread
[3.025s] INFO:colcon.colcon_core.shell:Creating prefix script '/home/stathis/dev_ws/src/g_bot/install/local_setup.ps1'
[3.042s] INFO:colcon.colcon_core.shell:Creating prefix util module '/home/stathis/dev_ws/src/g_bot/install/_local_setup_util_ps1.py'
[3.055s] INFO:colcon.colcon_core.shell:Creating prefix chain script '/home/stathis/dev_ws/src/g_bot/install/setup.ps1'
[3.060s] INFO:colcon.colcon_core.shell:Creating prefix script '/home/stathis/dev_ws/src/g_bot/install/local_setup.sh'
[3.062s] INFO:colcon.colcon_core.shell:Creating prefix util module '/home/stathis/dev_ws/src/g_bot/install/_local_setup_util_sh.py'
[3.064s] INFO:colcon.colcon_core.shell:Creating prefix chain script '/home/stathis/dev_ws/src/g_bot/install/setup.sh'
[3.069s] INFO:colcon.colcon_core.shell:Creating prefix script '/home/stathis/dev_ws/src/g_bot/install/local_setup.bash'
[3.071s] INFO:colcon.colcon_core.shell:Creating prefix chain script '/home/stathis/dev_ws/src/g_bot/install/setup.bash'
[3.074s] INFO:colcon.colcon_core.shell:Creating prefix script '/home/stathis/dev_ws/src/g_bot/install/local_setup.zsh'
[3.075s] INFO:colcon.colcon_core.shell:Creating prefix chain script '/home/stathis/dev_ws/src/g_bot/install/setup.zsh'
