-- The C compiler identification is GNU 13.3.0
-- The CXX compiler identification is GNU 13.3.0
-- Detecting C compiler ABI info
-- Detecting C compiler ABI info - done
-- Check for working C compiler: /usr/bin/cc - skipped
-- Detecting C compile features
-- Detecting C compile features - done
-- Detecting CXX compiler ABI info
-- Detecting CXX compiler ABI info - done
-- Check for working CXX compiler: /usr/bin/c++ - skipped
-- Detecting CXX compile features
-- Detecting CXX compile features - done
-- Found ament_cmake: 2.5.4 (/opt/ros/jazzy/share/ament_cmake/cmake)
-- Found Python3: /usr/bin/python3 (found version "3.12.3") found components: Interpreter 
-- Override CMake install command with custom implementation using symlinks instead of copying resources
-- Found ament_lint_auto: 0.17.2 (/opt/ros/jazzy/share/ament_lint_auto/cmake)
-- Added test 'cppcheck' to perform static code analysis on C / C++ code
-- Configured cppcheck include dirs: 
-- Configured cppcheck exclude dirs and/or files: 
-- Added test 'flake8' to check Python code syntax and style conventions
-- Configured 'flake8' exclude dirs and/or files: 
-- Added test 'lint_cmake' to check CMake code style
-- Added test 'pep257' to check Python code against some of the docstring style conventions in PEP 257
-- Added test 'uncrustify' to check C / C++ code style
-- Configured uncrustify additional arguments: 
-- Added test 'xmllint' to check XML markup files
-- Configuring done (1.8s)
-- Generating done (0.0s)
-- Build files have been written to: /home/stathis/dev_ws/src/g_bot/build/g_bot
-- Install configuration: ""
-- Execute custom install script
-- Symlinking: /home/stathis/dev_ws/src/g_bot/install/g_bot/share/g_bot/description/camera.xacro
-- Symlinking: /home/stathis/dev_ws/src/g_bot/install/g_bot/share/g_bot/description/imu.xacro
-- Symlinking: /home/stathis/dev_ws/src/g_bot/install/g_bot/share/g_bot/description/inertial_macros.xacro
-- Symlinking: /home/stathis/dev_ws/src/g_bot/install/g_bot/share/g_bot/description/lidar.xacro
-- Symlinking: /home/stathis/dev_ws/src/g_bot/install/g_bot/share/g_bot/description/robot.core.xacro
-- Symlinking: /home/stathis/dev_ws/src/g_bot/install/g_bot/share/g_bot/description/robot.gazebo.xacro
-- Symlinking: /home/stathis/dev_ws/src/g_bot/install/g_bot/share/g_bot/description/robot.ros2_control.xacro
-- Symlinking: /home/stathis/dev_ws/src/g_bot/install/g_bot/share/g_bot/description/robot.urdf.xacro
-- Symlinking: /home/stathis/dev_ws/src/g_bot/install/g_bot/share/g_bot/description/upbody.xacro
-- Symlinking: /home/stathis/dev_ws/src/g_bot/install/g_bot/share/g_bot/launch/display.launch.xml
-- Symlinking: /home/stathis/dev_ws/src/g_bot/install/g_bot/share/g_bot/launch/gazebo.launch.py
-- Symlinking: /home/stathis/dev_ws/src/g_bot/install/g_bot/share/g_bot/config/main.rviz
-- Symlinking: /home/stathis/dev_ws/src/g_bot/install/g_bot/share/ament_index/resource_index/package_run_dependencies/g_bot
-- Symlinking: /home/stathis/dev_ws/src/g_bot/install/g_bot/share/ament_index/resource_index/parent_prefix_path/g_bot
-- Symlinking: /home/stathis/dev_ws/src/g_bot/install/g_bot/share/g_bot/environment/ament_prefix_path.sh
-- Symlinking: /home/stathis/dev_ws/src/g_bot/install/g_bot/share/g_bot/environment/ament_prefix_path.dsv
-- Symlinking: /home/stathis/dev_ws/src/g_bot/install/g_bot/share/g_bot/environment/path.sh
-- Symlinking: /home/stathis/dev_ws/src/g_bot/install/g_bot/share/g_bot/environment/path.dsv
-- Symlinking: /home/stathis/dev_ws/src/g_bot/install/g_bot/share/g_bot/local_setup.bash
-- Symlinking: /home/stathis/dev_ws/src/g_bot/install/g_bot/share/g_bot/local_setup.sh
-- Symlinking: /home/stathis/dev_ws/src/g_bot/install/g_bot/share/g_bot/local_setup.zsh
-- Symlinking: /home/stathis/dev_ws/src/g_bot/install/g_bot/share/g_bot/local_setup.dsv
-- Symlinking: /home/stathis/dev_ws/src/g_bot/install/g_bot/share/g_bot/package.dsv
-- Symlinking: /home/stathis/dev_ws/src/g_bot/install/g_bot/share/ament_index/resource_index/packages/g_bot
-- Symlinking: /home/stathis/dev_ws/src/g_bot/install/g_bot/share/g_bot/cmake/g_botConfig.cmake
-- Symlinking: /home/stathis/dev_ws/src/g_bot/install/g_bot/share/g_bot/cmake/g_botConfig-version.cmake
-- Symlinking: /home/stathis/dev_ws/src/g_bot/install/g_bot/share/g_bot/package.xml
